<?xml version="1.0" encoding="UTF-8"?>
<!-- Generated by org.testng.reporters.JUnitXMLReporter -->
<testsuite ignored="0" hostname="DESKTOP-HIOUSGQ" failures="0" tests="4" name="Default test" time="4.225" errors="0" timestamp="2025-05-15T16:25:20 EET">
  <testcase classname="DataBaseTesting.DataBaseTesting.AppTest" name="InsertIntoDatabase" time="0.023"/>
  <testcase classname="DataBaseTesting.DataBaseTesting.AppTest" name="DeleteDatabase" time="0.005"/>
  <testcase classname="DataBaseTesting.DataBaseTesting.AppTest" name="UpdateDatabase" time="0.007"/>
  <testcase classname="DataBaseTesting.DataBaseTesting.AppTest" name="ReadDatabase" time="0.335"/>
</testsuite> <!-- Default test -->
